<?xml version="1.0" encoding="UTF-8"?>
<!-- Generated by org.testng.reporters.JUnitXMLReporter -->
<testsuite ignored="3" hostname="Temps-MacBook-Air.local" failures="1" tests="1" name="Test" time="25.94" errors="0" timestamp="23 Oct 2021 06:05:33 GMT">
  <testcase classname="com.makemytrip.testcases.homepagetestcases" name="verifyTripSelection" time="7.332">
    <failure type="java.lang.NullPointerException" message="Cannot invoke &amp;quot;org.openqa.selenium.WebElement.click()&amp;quot; because the return value of &amp;quot;com.makemytrip.utilities.ElementUtil.getElement(org.openqa.selenium.By)&amp;quot; is null">
      <![CDATA[java.lang.NullPointerException: Cannot invoke "org.openqa.selenium.WebElement.click()" because the return value of "com.makemytrip.utilities.ElementUtil.getElement(org.openqa.selenium.By)" is null
at com.makemytrip.utilities.ElementUtil.doClick(ElementUtil.java:36)
at com.makemytrip.pages.homepage.clickSearch(homepage.java:114)
at com.makemytrip.testcases.homepagetestcases.verifyTripSelection(homepagetestcases.java:46)
... Removed 25 stack frames]]>
    </failure>
  </testcase> <!-- verifyTripSelection -->
  <testcase classname="com.makemytrip.testcases.homepagetestcases" name="verifyAllLinksText" time="0.0">
    <ignored/>
  </testcase> <!-- verifyAllLinksText -->
  <testcase classname="com.makemytrip.testcases.homepagetestcases" name="verifyhomePageTitleTest" time="0.0">
    <ignored/>
  </testcase> <!-- verifyhomePageTitleTest -->
  <testcase classname="com.makemytrip.testcases.homepagetestcases" name="verifyhompePageLogoTest" time="0.0">
    <ignored/>
  </testcase> <!-- verifyhompePageLogoTest -->
</testsuite> <!-- Test -->
