<?xml version="1.0" encoding="UTF-8"?>
<!-- Generated by org.testng.reporters.JUnitXMLReporter -->
<testsuite ignored="1" hostname="Temps-MacBook-Air.local" failures="1" tests="3" name="Test" time="27.079" errors="0" timestamp="22 Oct 2021 18:54:10 GMT">
  <testcase classname="com.makemytrip.testcases.homepagetestcases" name="verifyAllLinksText" time="5.184"/>
  <testcase classname="com.makemytrip.testcases.homepagetestcases" name="verifyTripSelection" time="0.194">
    <failure type="org.openqa.selenium.ElementNotInteractableException" message="Element &amp;lt;div class=&amp;quot;fsw_inputBox searchCity inactiveWidget &amp;quot;&amp;gt; is not reachable by keyboard
Build info: version: &amp;apos;4.0.0&amp;apos;, revision: &amp;apos;3a21814679&amp;apos;
System info: host: &amp;apos;Temps-MacBook-Air.local&amp;apos;, ip: &amp;apos;fe80:0:0:0:4a2:a4fd:d839:e4ef%en0&amp;apos;, os.name: &amp;apos;Mac OS X&amp;apos;, os.arch: &amp;apos;x86_64&amp;apos;, os.version: &amp;apos;11.5&amp;apos;, java.version: &amp;apos;16.0.2&amp;apos;
Driver info: org.openqa.selenium.firefox.FirefoxDriver
Command: [286a0ffd-ceed-5849-a7b4-f837abf1c101, sendKeysToElement {id=5ddbca93-9dd4-2949-85c1-83969e413360, value=[Ljava.lang.CharSequence;@544e8149}]
Capabilities {acceptInsecureCerts: true, browserName: firefox, browserVersion: 93.0, javascriptEnabled: true, moz:accessibilityChecks: false, moz:buildID: 20210927210923, moz:debuggerAddress: localhost:55736, moz:geckodriverVersion: 0.30.0, moz:headless: false, moz:processID: 7220, moz:profile: /var/folders/9l/p14b02rn0g7..., moz:shutdownTimeout: 60000, moz:useNonSpecCompliantPointerOrigin: false, moz:webdriverClick: true, pageLoadStrategy: normal, platform: MAC, platformName: MAC, platformVersion: 20.6.0, proxy: Proxy(), se:cdp: ws://localhost:55736/devtoo..., se:cdpVersion: 85, setWindowRect: true, strictFileInteractability: false, timeouts: {implicit: 0, pageLoad: 300000, script: 30000}, unhandledPromptBehavior: dismiss and notify}
Element: [[FirefoxDriver: firefox on MAC (286a0ffd-ceed-5849-a7b4-f837abf1c101)] -&amp;gt; xpath: //div[contains(@class,&amp;apos;searchCity&amp;apos;)]]
Session ID: 286a0ffd-ceed-5849-a7b4-f837abf1c101">
      <![CDATA[org.openqa.selenium.ElementNotInteractableException: Element <div class="fsw_inputBox searchCity inactiveWidget "> is not reachable by keyboard
Build info: version: '4.0.0', revision: '3a21814679'
System info: host: 'Temps-MacBook-Air.local', ip: 'fe80:0:0:0:4a2:a4fd:d839:e4ef%en0', os.name: 'Mac OS X', os.arch: 'x86_64', os.version: '11.5', java.version: '16.0.2'
Driver info: org.openqa.selenium.firefox.FirefoxDriver
Command: [286a0ffd-ceed-5849-a7b4-f837abf1c101, sendKeysToElement {id=5ddbca93-9dd4-2949-85c1-83969e413360, value=[Ljava.lang.CharSequence;@544e8149}]
Capabilities {acceptInsecureCerts: true, browserName: firefox, browserVersion: 93.0, javascriptEnabled: true, moz:accessibilityChecks: false, moz:buildID: 20210927210923, moz:debuggerAddress: localhost:55736, moz:geckodriverVersion: 0.30.0, moz:headless: false, moz:processID: 7220, moz:profile: /var/folders/9l/p14b02rn0g7..., moz:shutdownTimeout: 60000, moz:useNonSpecCompliantPointerOrigin: false, moz:webdriverClick: true, pageLoadStrategy: normal, platform: MAC, platformName: MAC, platformVersion: 20.6.0, proxy: Proxy(), se:cdp: ws://localhost:55736/devtoo..., se:cdpVersion: 85, setWindowRect: true, strictFileInteractability: false, timeouts: {implicit: 0, pageLoad: 300000, script: 30000}, unhandledPromptBehavior: dismiss and notify}
Element: [[FirefoxDriver: firefox on MAC (286a0ffd-ceed-5849-a7b4-f837abf1c101)] -> xpath: //div[contains(@class,'searchCity')]]
Session ID: 286a0ffd-ceed-5849-a7b4-f837abf1c101
at org.openqa.selenium.remote.codec.w3c.W3CHttpResponseCodec.createException(W3CHttpResponseCodec.java:200)
at org.openqa.selenium.remote.codec.w3c.W3CHttpResponseCodec.decode(W3CHttpResponseCodec.java:133)
at org.openqa.selenium.remote.codec.w3c.W3CHttpResponseCodec.decode(W3CHttpResponseCodec.java:53)
at org.openqa.selenium.remote.HttpCommandExecutor.execute(HttpCommandExecutor.java:184)
at org.openqa.selenium.remote.service.DriverCommandExecutor.invokeExecute(DriverCommandExecutor.java:164)
at org.openqa.selenium.remote.service.DriverCommandExecutor.execute(DriverCommandExecutor.java:139)
at org.openqa.selenium.remote.RemoteWebDriver.execute(RemoteWebDriver.java:559)
at org.openqa.selenium.remote.RemoteWebElement.execute(RemoteWebElement.java:251)
at org.openqa.selenium.remote.RemoteWebElement.sendKeys(RemoteWebElement.java:107)
at com.makemytrip.pages.homepage.enterFromCity(homepage.java:66)
at com.makemytrip.testcases.homepagetestcases.verifyTripSelection(homepagetestcases.java:44)
... Removed 34 stack frames]]>
    </failure>
  </testcase> <!-- verifyTripSelection -->
  <testcase classname="com.makemytrip.testcases.homepagetestcases" name="verifyhomePageTitleTest" time="0.008"/>
  <testcase classname="com.makemytrip.testcases.homepagetestcases" name="verifyhompePageLogoTest" time="0.0">
    <ignored/>
  </testcase> <!-- verifyhompePageLogoTest -->
</testsuite> <!-- Test -->
