<?xml version="1.0" encoding="UTF-8"?>
<testng-results ignored="1" total="4" passed="2" failed="1" skipped="0">
  <reporter-output>
  </reporter-output>
  <suite started-at="2021-10-22T18:53:43Z" name="Suite" finished-at="2021-10-22T18:54:10Z" duration-ms="27079">
    <groups>
    </groups>
    <test started-at="2021-10-22T18:53:43Z" name="Test" finished-at="2021-10-22T18:54:10Z" duration-ms="27079">
      <class name="com.makemytrip.testcases.homepagetestcases">
        <test-method is-config="true" signature="setUp()[pri:0, instance:com.makemytrip.testcases.homepagetestcases@df6620a]" started-at="2021-10-22T18:53:48Z" name="setUp" finished-at="2021-10-22T18:54:04Z" duration-ms="15605" status="PASS">
          <reporter-output>
          </reporter-output>
        </test-method> <!-- setUp -->
        <test-method signature="verifyAllLinksText()[pri:0, instance:com.makemytrip.testcases.homepagetestcases@df6620a]" started-at="2021-10-22T18:54:04Z" name="verifyAllLinksText" finished-at="2021-10-22T18:54:09Z" duration-ms="5184" status="PASS">
          <reporter-output>
          </reporter-output>
        </test-method> <!-- verifyAllLinksText -->
        <test-method signature="verifyTripSelection()[pri:0, instance:com.makemytrip.testcases.homepagetestcases@df6620a]" started-at="2021-10-22T18:54:09Z" name="verifyTripSelection" finished-at="2021-10-22T18:54:09Z" duration-ms="194" status="FAIL">
          <exception class="org.openqa.selenium.ElementNotInteractableException">
            <message>
              <![CDATA[Element <div class="fsw_inputBox searchCity inactiveWidget "> is not reachable by keyboard
Build info: version: '4.0.0', revision: '3a21814679'
System info: host: 'Temps-MacBook-Air.local', ip: 'fe80:0:0:0:4a2:a4fd:d839:e4ef%en0', os.name: 'Mac OS X', os.arch: 'x86_64', os.version: '11.5', java.version: '16.0.2'
Driver info: org.openqa.selenium.firefox.FirefoxDriver
Command: [286a0ffd-ceed-5849-a7b4-f837abf1c101, sendKeysToElement {id=5ddbca93-9dd4-2949-85c1-83969e413360, value=[Ljava.lang.CharSequence;@544e8149}]
Capabilities {acceptInsecureCerts: true, browserName: firefox, browserVersion: 93.0, javascriptEnabled: true, moz:accessibilityChecks: false, moz:buildID: 20210927210923, moz:debuggerAddress: localhost:55736, moz:geckodriverVersion: 0.30.0, moz:headless: false, moz:processID: 7220, moz:profile: /var/folders/9l/p14b02rn0g7..., moz:shutdownTimeout: 60000, moz:useNonSpecCompliantPointerOrigin: false, moz:webdriverClick: true, pageLoadStrategy: normal, platform: MAC, platformName: MAC, platformVersion: 20.6.0, proxy: Proxy(), se:cdp: ws://localhost:55736/devtoo..., se:cdpVersion: 85, setWindowRect: true, strictFileInteractability: false, timeouts: {implicit: 0, pageLoad: 300000, script: 30000}, unhandledPromptBehavior: dismiss and notify}
Element: [[FirefoxDriver: firefox on MAC (286a0ffd-ceed-5849-a7b4-f837abf1c101)] -> xpath: //div[contains(@class,'searchCity')]]
Session ID: 286a0ffd-ceed-5849-a7b4-f837abf1c101]]>
            </message>
            <full-stacktrace>
              <![CDATA[org.openqa.selenium.ElementNotInteractableException: Element <div class="fsw_inputBox searchCity inactiveWidget "> is not reachable by keyboard
Build info: version: '4.0.0', revision: '3a21814679'
System info: host: 'Temps-MacBook-Air.local', ip: 'fe80:0:0:0:4a2:a4fd:d839:e4ef%en0', os.name: 'Mac OS X', os.arch: 'x86_64', os.version: '11.5', java.version: '16.0.2'
Driver info: org.openqa.selenium.firefox.FirefoxDriver
Command: [286a0ffd-ceed-5849-a7b4-f837abf1c101, sendKeysToElement {id=5ddbca93-9dd4-2949-85c1-83969e413360, value=[Ljava.lang.CharSequence;@544e8149}]
Capabilities {acceptInsecureCerts: true, browserName: firefox, browserVersion: 93.0, javascriptEnabled: true, moz:accessibilityChecks: false, moz:buildID: 20210927210923, moz:debuggerAddress: localhost:55736, moz:geckodriverVersion: 0.30.0, moz:headless: false, moz:processID: 7220, moz:profile: /var/folders/9l/p14b02rn0g7..., moz:shutdownTimeout: 60000, moz:useNonSpecCompliantPointerOrigin: false, moz:webdriverClick: true, pageLoadStrategy: normal, platform: MAC, platformName: MAC, platformVersion: 20.6.0, proxy: Proxy(), se:cdp: ws://localhost:55736/devtoo..., se:cdpVersion: 85, setWindowRect: true, strictFileInteractability: false, timeouts: {implicit: 0, pageLoad: 300000, script: 30000}, unhandledPromptBehavior: dismiss and notify}
Element: [[FirefoxDriver: firefox on MAC (286a0ffd-ceed-5849-a7b4-f837abf1c101)] -> xpath: //div[contains(@class,'searchCity')]]
Session ID: 286a0ffd-ceed-5849-a7b4-f837abf1c101
at java.base/jdk.internal.reflect.NativeConstructorAccessorImpl.newInstance0(Native Method)
at java.base/jdk.internal.reflect.NativeConstructorAccessorImpl.newInstance(NativeConstructorAccessorImpl.java:78)
at java.base/jdk.internal.reflect.DelegatingConstructorAccessorImpl.newInstance(DelegatingConstructorAccessorImpl.java:45)
at java.base/java.lang.reflect.Constructor.newInstanceWithCaller(Constructor.java:499)
at java.base/java.lang.reflect.Constructor.newInstance(Constructor.java:480)
at org.openqa.selenium.remote.codec.w3c.W3CHttpResponseCodec.createException(W3CHttpResponseCodec.java:200)
at org.openqa.selenium.remote.codec.w3c.W3CHttpResponseCodec.decode(W3CHttpResponseCodec.java:133)
at org.openqa.selenium.remote.codec.w3c.W3CHttpResponseCodec.decode(W3CHttpResponseCodec.java:53)
at org.openqa.selenium.remote.HttpCommandExecutor.execute(HttpCommandExecutor.java:184)
at org.openqa.selenium.remote.service.DriverCommandExecutor.invokeExecute(DriverCommandExecutor.java:164)
at org.openqa.selenium.remote.service.DriverCommandExecutor.execute(DriverCommandExecutor.java:139)
at org.openqa.selenium.remote.RemoteWebDriver.execute(RemoteWebDriver.java:559)
at org.openqa.selenium.remote.RemoteWebElement.execute(RemoteWebElement.java:251)
at org.openqa.selenium.remote.RemoteWebElement.sendKeys(RemoteWebElement.java:107)
at com.makemytrip.pages.homepage.enterFromCity(homepage.java:66)
at com.makemytrip.testcases.homepagetestcases.verifyTripSelection(homepagetestcases.java:44)
at java.base/jdk.internal.reflect.NativeMethodAccessorImpl.invoke0(Native Method)
at java.base/jdk.internal.reflect.NativeMethodAccessorImpl.invoke(NativeMethodAccessorImpl.java:78)
at java.base/jdk.internal.reflect.DelegatingMethodAccessorImpl.invoke(DelegatingMethodAccessorImpl.java:43)
at java.base/java.lang.reflect.Method.invoke(Method.java:567)
at org.testng.internal.MethodInvocationHelper.invokeMethod(MethodInvocationHelper.java:124)
at org.testng.internal.Invoker.invokeMethod(Invoker.java:583)
at org.testng.internal.Invoker.invokeTestMethod(Invoker.java:719)
at org.testng.internal.Invoker.invokeTestMethods(Invoker.java:989)
at org.testng.internal.TestMethodWorker.invokeTestMethods(TestMethodWorker.java:125)
at org.testng.internal.TestMethodWorker.run(TestMethodWorker.java:109)
at org.testng.TestRunner.privateRun(TestRunner.java:648)
at org.testng.TestRunner.run(TestRunner.java:505)
at org.testng.SuiteRunner.runTest(SuiteRunner.java:455)
at org.testng.SuiteRunner.runSequentially(SuiteRunner.java:450)
at org.testng.SuiteRunner.privateRun(SuiteRunner.java:415)
at org.testng.SuiteRunner.run(SuiteRunner.java:364)
at org.testng.SuiteRunnerWorker.runSuite(SuiteRunnerWorker.java:52)
at org.testng.SuiteRunnerWorker.run(SuiteRunnerWorker.java:84)
at org.testng.TestNG.runSuitesSequentially(TestNG.java:1208)
at org.testng.TestNG.runSuitesLocally(TestNG.java:1137)
at org.testng.TestNG.runSuites(TestNG.java:1049)
at org.testng.TestNG.run(TestNG.java:1017)
at org.apache.maven.surefire.testng.TestNGExecutor.run(TestNGExecutor.java:283)
at org.apache.maven.surefire.testng.TestNGXmlTestSuite.execute(TestNGXmlTestSuite.java:75)
at org.apache.maven.surefire.testng.TestNGProvider.invoke(TestNGProvider.java:120)
at org.apache.maven.surefire.booter.ForkedBooter.invokeProviderInSameClassLoader(ForkedBooter.java:384)
at org.apache.maven.surefire.booter.ForkedBooter.runSuitesInProcess(ForkedBooter.java:345)
at org.apache.maven.surefire.booter.ForkedBooter.execute(ForkedBooter.java:126)
at org.apache.maven.surefire.booter.ForkedBooter.main(ForkedBooter.java:418)
]]>
            </full-stacktrace>
          </exception> <!-- org.openqa.selenium.ElementNotInteractableException -->
          <reporter-output>
          </reporter-output>
        </test-method> <!-- verifyTripSelection -->
        <test-method signature="verifyhomePageTitleTest()[pri:0, instance:com.makemytrip.testcases.homepagetestcases@df6620a]" started-at="2021-10-22T18:54:09Z" name="verifyhomePageTitleTest" finished-at="2021-10-22T18:54:09Z" duration-ms="8" status="PASS">
          <reporter-output>
          </reporter-output>
        </test-method> <!-- verifyhomePageTitleTest -->
        <test-method is-config="true" signature="endTestCase()[pri:0, instance:com.makemytrip.testcases.homepagetestcases@df6620a]" started-at="2021-10-22T18:54:09Z" name="endTestCase" finished-at="2021-10-22T18:54:10Z" duration-ms="896" status="PASS">
          <reporter-output>
          </reporter-output>
        </test-method> <!-- endTestCase -->
      </class> <!-- com.makemytrip.testcases.homepagetestcases -->
    </test> <!-- Test -->
  </suite> <!-- Suite -->
</testng-results>
