<?xml version="1.0" encoding="UTF-8"?>
<testng-results ignored="3" total="4" passed="0" failed="1" skipped="0">
  <reporter-output>
  </reporter-output>
  <suite started-at="2021-10-23T06:55:09Z" name="Default suite" finished-at="2021-10-23T06:56:01Z" duration-ms="52090">
    <groups>
    </groups>
    <test started-at="2021-10-23T06:55:09Z" name="Default test" finished-at="2021-10-23T06:56:01Z" duration-ms="52090">
      <class name="com.makemytrip.testcases.homepagetestcases">
        <test-method is-config="true" signature="setUp()[pri:0, instance:com.makemytrip.testcases.homepagetestcases@1838ccb8]" started-at="2021-10-23T06:55:14Z" name="setUp" finished-at="2021-10-23T06:55:23Z" duration-ms="8266" status="PASS">
          <reporter-output>
          </reporter-output>
        </test-method> <!-- setUp -->
        <test-method signature="verifyTripSelection()[pri:0, instance:com.makemytrip.testcases.homepagetestcases@1838ccb8]" started-at="2021-10-23T06:55:23Z" name="verifyTripSelection" finished-at="2021-10-23T06:56:00Z" duration-ms="37680" status="FAIL">
          <exception class="org.openqa.selenium.TimeoutException">
            <message>
              <![CDATA[Expected condition failed: waiting for element to no longer be visible: By.xpath: //div[contains(@class,'selected')] (tried for 30 second(s) with 500 milliseconds interval)
Build info: version: '4.0.0', revision: '3a21814679'
System info: host: 'Temps-MacBook-Air.local', ip: 'fe80:0:0:0:c48:912d:4226:758d%en0', os.name: 'Mac OS X', os.arch: 'x86_64', os.version: '11.5', java.version: '16.0.2'
Driver info: org.openqa.selenium.firefox.FirefoxDriver
Capabilities {acceptInsecureCerts: true, browserName: firefox, browserVersion: 93.0, javascriptEnabled: true, moz:accessibilityChecks: false, moz:buildID: 20210927210923, moz:debuggerAddress: localhost:60330, moz:geckodriverVersion: 0.30.0, moz:headless: false, moz:processID: 2462, moz:profile: /var/folders/9l/p14b02rn0g7..., moz:shutdownTimeout: 60000, moz:useNonSpecCompliantPointerOrigin: false, moz:webdriverClick: true, pageLoadStrategy: normal, platform: MAC, platformName: MAC, platformVersion: 20.6.0, proxy: Proxy(), se:cdp: ws://localhost:60330/devtoo..., se:cdpVersion: 85, setWindowRect: true, strictFileInteractability: false, timeouts: {implicit: 0, pageLoad: 300000, script: 30000}, unhandledPromptBehavior: dismiss and notify}
Session ID: b9d88541-dbac-f84a-96e4-ae77fc77d4af]]>
            </message>
            <full-stacktrace>
              <![CDATA[org.openqa.selenium.TimeoutException: Expected condition failed: waiting for element to no longer be visible: By.xpath: //div[contains(@class,'selected')] (tried for 30 second(s) with 500 milliseconds interval)
Build info: version: '4.0.0', revision: '3a21814679'
System info: host: 'Temps-MacBook-Air.local', ip: 'fe80:0:0:0:c48:912d:4226:758d%en0', os.name: 'Mac OS X', os.arch: 'x86_64', os.version: '11.5', java.version: '16.0.2'
Driver info: org.openqa.selenium.firefox.FirefoxDriver
Capabilities {acceptInsecureCerts: true, browserName: firefox, browserVersion: 93.0, javascriptEnabled: true, moz:accessibilityChecks: false, moz:buildID: 20210927210923, moz:debuggerAddress: localhost:60330, moz:geckodriverVersion: 0.30.0, moz:headless: false, moz:processID: 2462, moz:profile: /var/folders/9l/p14b02rn0g7..., moz:shutdownTimeout: 60000, moz:useNonSpecCompliantPointerOrigin: false, moz:webdriverClick: true, pageLoadStrategy: normal, platform: MAC, platformName: MAC, platformVersion: 20.6.0, proxy: Proxy(), se:cdp: ws://localhost:60330/devtoo..., se:cdpVersion: 85, setWindowRect: true, strictFileInteractability: false, timeouts: {implicit: 0, pageLoad: 300000, script: 30000}, unhandledPromptBehavior: dismiss and notify}
Session ID: b9d88541-dbac-f84a-96e4-ae77fc77d4af
at org.openqa.selenium.support.ui.WebDriverWait.timeoutException(WebDriverWait.java:138)
at org.openqa.selenium.support.ui.FluentWait.until(FluentWait.java:231)
at com.makemytrip.pages.homepage.selectCurrentDateFromDatePicker(homepage.java:122)
at com.makemytrip.testcases.homepagetestcases.verifyTripSelection(homepagetestcases.java:46)
at java.base/jdk.internal.reflect.NativeMethodAccessorImpl.invoke0(Native Method)
at java.base/jdk.internal.reflect.NativeMethodAccessorImpl.invoke(NativeMethodAccessorImpl.java:78)
at java.base/jdk.internal.reflect.DelegatingMethodAccessorImpl.invoke(DelegatingMethodAccessorImpl.java:43)
at java.base/java.lang.reflect.Method.invoke(Method.java:567)
at org.testng.internal.MethodInvocationHelper.invokeMethod(MethodInvocationHelper.java:124)
at org.testng.internal.Invoker.invokeMethod(Invoker.java:583)
at org.testng.internal.Invoker.invokeTestMethod(Invoker.java:719)
at org.testng.internal.Invoker.invokeTestMethods(Invoker.java:989)
at org.testng.internal.TestMethodWorker.invokeTestMethods(TestMethodWorker.java:125)
at org.testng.internal.TestMethodWorker.run(TestMethodWorker.java:109)
at org.testng.TestRunner.privateRun(TestRunner.java:648)
at org.testng.TestRunner.run(TestRunner.java:505)
at org.testng.SuiteRunner.runTest(SuiteRunner.java:455)
at org.testng.SuiteRunner.runSequentially(SuiteRunner.java:450)
at org.testng.SuiteRunner.privateRun(SuiteRunner.java:415)
at org.testng.SuiteRunner.run(SuiteRunner.java:364)
at org.testng.SuiteRunnerWorker.runSuite(SuiteRunnerWorker.java:52)
at org.testng.SuiteRunnerWorker.run(SuiteRunnerWorker.java:84)
at org.testng.TestNG.runSuitesSequentially(TestNG.java:1208)
at org.testng.TestNG.runSuitesLocally(TestNG.java:1137)
at org.testng.TestNG.runSuites(TestNG.java:1049)
at org.testng.TestNG.run(TestNG.java:1017)
at org.testng.remote.AbstractRemoteTestNG.run(AbstractRemoteTestNG.java:115)
at org.testng.remote.RemoteTestNG.initAndRun(RemoteTestNG.java:251)
at org.testng.remote.RemoteTestNG.main(RemoteTestNG.java:77)
]]>
            </full-stacktrace>
          </exception> <!-- org.openqa.selenium.TimeoutException -->
          <reporter-output>
          </reporter-output>
        </test-method> <!-- verifyTripSelection -->
        <test-method is-config="true" signature="endTestCase()[pri:0, instance:com.makemytrip.testcases.homepagetestcases@1838ccb8]" started-at="2021-10-23T06:56:00Z" name="endTestCase" finished-at="2021-10-23T06:56:01Z" duration-ms="936" status="PASS">
          <reporter-output>
          </reporter-output>
        </test-method> <!-- endTestCase -->
      </class> <!-- com.makemytrip.testcases.homepagetestcases -->
    </test> <!-- Default test -->
  </suite> <!-- Default suite -->
</testng-results>
